<?xml version="1.0" encoding="UTF-8"?>
<testng-results skipped="0" failed="0" ignored="0" total="1" passed="1">
  <reporter-output>
  </reporter-output>
  <suite name="Default suite" duration-ms="41081" started-at="2025-05-01T05:14:18Z" finished-at="2025-05-01T05:14:59Z">
    <groups>
    </groups>
    <test name="Default test" duration-ms="41081" started-at="2025-05-01T05:14:18Z" finished-at="2025-05-01T05:14:59Z">
      <class name="Automation.startSeleniumPractice.SkuLinkToStoreFetchData">
        <test-method status="PASS" signature="search()[pri:0, instance:Automation.startSeleniumPractice.SkuLinkToStoreFetchData@3e2e18f2]" name="search" duration-ms="40845" started-at="2025-05-01T05:14:18Z" finished-at="2025-05-01T05:14:59Z">
          <reporter-output>
          </reporter-output>
        </test-method> <!-- search -->
      </class> <!-- Automation.startSeleniumPractice.SkuLinkToStoreFetchData -->
    </test> <!-- Default test -->
  </suite> <!-- Default suite -->
</testng-results>
