<?xml version="1.0" encoding="UTF-8"?>
<!-- Generated by org.testng.reporters.JUnitXMLReporter -->
<testsuite ignored="0" hostname="AbhayGupta" failures="0" tests="3" name="Default test" time="14.448" errors="0" timestamp="2024-09-08T20:56:53 IST">
  <testcase classname="EntryTestCase.LoginPageTestCase" name="loginPageTitletest" time="0.022"/>
  <testcase classname="EntryTestCase.LoginPageTestCase" name="eRetailLogoImageTest" time="0.07"/>
  <testcase classname="EntryTestCase.LoginPageTestCase" name="loginTest" time="1.725"/>
</testsuite> <!-- Default test -->
