<?xml version="1.0" encoding="UTF-8"?>
<testng-results skipped="0" failed="0" total="1" passed="1">
  <reporter-output>
  </reporter-output>
  <suite name="Default suite" duration-ms="40" started-at="2024-09-16T06:30:40Z" finished-at="2024-09-16T06:30:40Z">
    <groups>
    </groups>
    <test name="Default test" duration-ms="40" started-at="2024-09-16T06:30:40Z" finished-at="2024-09-16T06:30:40Z">
      <class name="annotation.Project">
        <test-method status="PASS" signature="TC3()[pri:0, instance:annotation.Project@13deb50e]" name="TC3" duration-ms="16" started-at="2024-09-16T12:00:40Z" finished-at="2024-09-16T12:00:40Z">
          <reporter-output>
          </reporter-output>
        </test-method> <!-- TC3 -->
      </class> <!-- annotation.Project -->
    </test> <!-- Default test -->
  </suite> <!-- Default suite -->
</testng-results>
