<?xml version="1.0" encoding="UTF-8"?>
<!-- Generated by org.testng.reporters.JUnitReportReporter -->
<testsuite hostname="mayanknehra-l" name="Annotation.TC002" tests="4" failures="0" timestamp="2 Aug 2024 10:18:01 GMT" time="0.013" errors="0">
  <testcase name="TC004" time="0.010" classname="Annotation.TC002"/>
  <testcase name="TC003" time="0.001" classname="Annotation.TC002"/>
  <testcase name="TC001" time="0.001" classname="Annotation.TC002"/>
  <testcase name="TC0002" time="0.001" classname="Annotation.TC002"/>
</testsuite> <!-- Annotation.TC002 -->
