<?xml version="1.0" encoding="UTF-8"?>
<testng-results ignored="0" total="3" passed="3" failed="0" skipped="0">
  <reporter-output>
  </reporter-output>
  <suite started-at="2024-09-08T20:56:39 IST" name="Default suite" finished-at="2024-09-08T20:56:53 IST" duration-ms="14448">
    <groups>
    </groups>
    <test started-at="2024-09-08T20:56:39 IST" name="Default test" finished-at="2024-09-08T20:56:53 IST" duration-ms="14448">
      <class name="EntryTestCase.LoginPageTestCase">
        <test-method is-config="true" signature="setup()[pri:0, instance:EntryTestCase.LoginPageTestCase@3c77d488]" started-at="2024-09-08T20:56:39 IST" name="setup" finished-at="2024-09-08T20:56:43 IST" duration-ms="3776" status="PASS">
          <reporter-output>
          </reporter-output>
        </test-method> <!-- setup -->
        <test-method signature="loginPageTitletest()[pri:1, instance:EntryTestCase.LoginPageTestCase@3c77d488]" started-at="2024-09-08T20:56:43 IST" name="loginPageTitletest" finished-at="2024-09-08T20:56:43 IST" duration-ms="22" status="PASS">
          <reporter-output>
          </reporter-output>
        </test-method> <!-- loginPageTitletest -->
        <test-method is-config="true" signature="tearDown()[pri:0, instance:EntryTestCase.LoginPageTestCase@3c77d488]" started-at="2024-09-08T20:56:43 IST" name="tearDown" finished-at="2024-09-08T20:56:43 IST" duration-ms="1" status="PASS">
          <reporter-output>
          </reporter-output>
        </test-method> <!-- tearDown -->
        <test-method is-config="true" signature="setup()[pri:0, instance:EntryTestCase.LoginPageTestCase@3c77d488]" started-at="2024-09-08T20:56:43 IST" name="setup" finished-at="2024-09-08T20:56:48 IST" duration-ms="4994" status="PASS">
          <reporter-output>
          </reporter-output>
        </test-method> <!-- setup -->
        <test-method signature="eRetailLogoImageTest()[pri:2, instance:EntryTestCase.LoginPageTestCase@3c77d488]" started-at="2024-09-08T20:56:48 IST" name="eRetailLogoImageTest" finished-at="2024-09-08T20:56:48 IST" duration-ms="70" status="PASS">
          <reporter-output>
          </reporter-output>
        </test-method> <!-- eRetailLogoImageTest -->
        <test-method is-config="true" signature="tearDown()[pri:0, instance:EntryTestCase.LoginPageTestCase@3c77d488]" started-at="2024-09-08T20:56:48 IST" name="tearDown" finished-at="2024-09-08T20:56:48 IST" duration-ms="1" status="PASS">
          <reporter-output>
          </reporter-output>
        </test-method> <!-- tearDown -->
        <test-method is-config="true" signature="setup()[pri:0, instance:EntryTestCase.LoginPageTestCase@3c77d488]" started-at="2024-09-08T20:56:48 IST" name="setup" finished-at="2024-09-08T20:56:52 IST" duration-ms="3794" status="PASS">
          <reporter-output>
          </reporter-output>
        </test-method> <!-- setup -->
        <test-method signature="loginTest()[pri:3, instance:EntryTestCase.LoginPageTestCase@3c77d488]" started-at="2024-09-08T20:56:52 IST" name="loginTest" finished-at="2024-09-08T20:56:53 IST" duration-ms="1725" status="PASS">
          <reporter-output>
          </reporter-output>
        </test-method> <!-- loginTest -->
        <test-method is-config="true" signature="tearDown()[pri:0, instance:EntryTestCase.LoginPageTestCase@3c77d488]" started-at="2024-09-08T20:56:53 IST" name="tearDown" finished-at="2024-09-08T20:56:53 IST" duration-ms="1" status="PASS">
          <reporter-output>
          </reporter-output>
        </test-method> <!-- tearDown -->
      </class> <!-- EntryTestCase.LoginPageTestCase -->
    </test> <!-- Default test -->
  </suite> <!-- Default suite -->
</testng-results>
