{"uuid":"2256924c-c981-4b1c-a6e1-def1fb2881fa","historyId":"569dc356ed388e6640b0e066440291de","fullName":"Eretail.FrameworkEretail.tests.LoginWithCsvData1.testLogin","labels":[{"name":"package","value":"Eretail.FrameworkEretail.tests.LoginWithCsvData1"},{"name":"testClass","value":"Eretail.FrameworkEretail.tests.LoginWithCsvData1"},{"name":"testMethod","value":"testLogin"},{"name":"parentSuite","value":"Default suite"},{"name":"suite","value":"Default test"},{"name":"subSuite","value":"Eretail.FrameworkEretail.tests.LoginWithCsvData1"},{"name":"host","value":"mayanknehra-l"},{"name":"thread","value":"24808@mayanknehra-l.main(1)"},{"name":"framework","value":"testng"},{"name":"language","value":"java"}],"links":[],"name":"testLogin","status":"skipped","statusDetails":{"known":false,"muted":false,"flaky":false,"message":"java.io.FileNotFoundException: C:\\Users\\mayank.nehra\\Testingclass\\9_June\\FrameworkEretail\\configfile\\CsvTestData.xlsx (The system cannot find the file specified)","trace":"java.lang.RuntimeException: java.io.FileNotFoundException: C:\\Users\\mayank.nehra\\Testingclass\\9_June\\FrameworkEretail\\configfile\\CsvTestData.xlsx (The system cannot find the file specified)\r\n\tat org.testng.internal.MethodInvocationHelper.invokeDataProvider(MethodInvocationHelper.java:161)\r\n\tat org.testng.internal.Parameters.handleParameters(Parameters.java:434)\r\n\tat org.testng.internal.Invoker.handleParameters(Invoker.java:1383)\r\n\tat org.testng.internal.Invoker.createParameters(Invoker.java:1075)\r\n\tat org.testng.internal.Invoker.invokeTestMethods(Invoker.java:1180)\r\n\tat org.testng.internal.TestMethodWorker.invokeTestMethods(TestMethodWorker.java:127)\r\n\tat org.testng.internal.TestMethodWorker.run(TestMethodWorker.java:111)\r\n\tat org.testng.TestRunner.privateRun(TestRunner.java:767)\r\n\tat org.testng.TestRunner.run(TestRunner.java:617)\r\n\tat org.testng.SuiteRunner.runTest(SuiteRunner.java:348)\r\n\tat org.testng.SuiteRunner.runSequentially(SuiteRunner.java:343)\r\n\tat org.testng.SuiteRunner.privateRun(SuiteRunner.java:305)\r\n\tat org.testng.SuiteRunner.run(SuiteRunner.java:254)\r\n\tat org.testng.SuiteRunnerWorker.runSuite(SuiteRunnerWorker.java:52)\r\n\tat org.testng.SuiteRunnerWorker.run(SuiteRunnerWorker.java:86)\r\n\tat org.testng.TestNG.runSuitesSequentially(TestNG.java:1224)\r\n\tat org.testng.TestNG.runSuitesLocally(TestNG.java:1149)\r\n\tat org.testng.TestNG.run(TestNG.java:1057)\r\n\tat org.testng.remote.AbstractRemoteTestNG.run(AbstractRemoteTestNG.java:114)\r\n\tat org.testng.remote.RemoteTestNG.initAndRun(RemoteTestNG.java:251)\r\n\tat org.testng.remote.RemoteTestNG.main(RemoteTestNG.java:77)\r\nCaused by: java.io.FileNotFoundException: C:\\Users\\mayank.nehra\\Testingclass\\9_June\\FrameworkEretail\\configfile\\CsvTestData.xlsx (The system cannot find the file specified)\r\n\tat java.io.FileInputStream.open(Native Method)\r\n\tat java.io.FileInputStream.<init>(FileInputStream.java:138)\r\n\tat java.io.FileInputStream.<init>(FileInputStream.java:93)\r\n\tat java.io.FileReader.<init>(FileReader.java:58)\r\n\tat Eretail.FrameworkEretail.utils.CsvUtils.readCSVData(CsvUtils.java:13)\r\n\tat Eretail.FrameworkEretail.tests.LoginWithCsvData1.getLoginData(LoginWithCsvData1.java:19)\r\n\tat sun.reflect.NativeMethodAccessorImpl.invoke0(Native Method)\r\n\tat sun.reflect.NativeMethodAccessorImpl.invoke(NativeMethodAccessorImpl.java:62)\r\n\tat sun.reflect.DelegatingMethodAccessorImpl.invoke(DelegatingMethodAccessorImpl.java:43)\r\n\tat java.lang.reflect.Method.invoke(Method.java:483)\r\n\tat org.testng.internal.MethodInvocationHelper.invokeMethod(MethodInvocationHelper.java:84)\r\n\tat org.testng.internal.MethodInvocationHelper.invokeDataProvider(MethodInvocationHelper.java:135)\r\n\t... 20 more\r\n"},"stage":"finished","steps":[],"attachments":[],"parameters":[],"start":1745555959936,"stop":1745555959940}