<?xml version="1.0" encoding="UTF-8"?>
<testng-results skipped="0" failed="0" total="4" passed="4">
  <reporter-output>
  </reporter-output>
  <suite name="Default suite" duration-ms="33" started-at="2024-08-02T10:18:00Z" finished-at="2024-08-02T10:18:00Z">
    <groups>
    </groups>
    <test name="Default test" duration-ms="33" started-at="2024-08-02T10:18:00Z" finished-at="2024-08-02T10:18:00Z">
      <class name="Annotation.TC002">
        <test-method status="PASS" signature="TC004()[pri:0, instance:Annotation.TC002@3ac42916]" name="TC004" duration-ms="10" started-at="2024-08-02T15:48:00Z" finished-at="2024-08-02T15:48:00Z">
          <reporter-output>
          </reporter-output>
        </test-method> <!-- TC004 -->
        <test-method status="PASS" signature="TC0002()[pri:0, instance:Annotation.TC002@3ac42916]" name="TC0002" duration-ms="1" started-at="2024-08-02T15:48:00Z" finished-at="2024-08-02T15:48:00Z">
          <reporter-output>
          </reporter-output>
        </test-method> <!-- TC0002 -->
        <test-method status="PASS" signature="TC003()[pri:0, instance:Annotation.TC002@3ac42916]" name="TC003" duration-ms="1" started-at="2024-08-02T15:48:00Z" finished-at="2024-08-02T15:48:00Z">
          <reporter-output>
          </reporter-output>
        </test-method> <!-- TC003 -->
        <test-method status="PASS" signature="TC001()[pri:0, instance:Annotation.TC002@3ac42916]" name="TC001" duration-ms="1" started-at="2024-08-02T15:48:00Z" depends-on-methods="Annotation.TC002.TC004" finished-at="2024-08-02T15:48:00Z">
          <reporter-output>
          </reporter-output>
        </test-method> <!-- TC001 -->
      </class> <!-- Annotation.TC002 -->
    </test> <!-- Default test -->
  </suite> <!-- Default suite -->
</testng-results>
