<?xml version="1.0" encoding="UTF-8"?>
<!-- Generated by org.testng.reporters.JUnitXMLReporter -->
<testsuite hostname="mayanknehra-l" name="Test" tests="1" failures="1" timestamp="27 Jan 2025 11:00:23 GMT" time="10.541" errors="0">
  <testcase name="verifyOrderProcessApi" time="10.364" classname="EretailRest.EretailAPI.tests.crud.VerifyOrderProcessApi">
    <failure type="java.lang.AssertionError" message="
expected: &amp;quot;sdfghjk&amp;quot;
 but was: &amp;quot;Cannot pack this delievry, Already [Packed] In the System&amp;quot;">
      <![CDATA[java.lang.AssertionError: 
expected: "sdfghjk"
 but was: "Cannot pack this delievry, Already [Packed] In the System"
	at EretailRest.EretailAPI.tests.crud.VerifyOrderProcessApi.verifyOrderProcessApi(VerifyOrderProcessApi.java:39)
... Removed 24 stack frames]]>
    </failure>
  </testcase> <!-- verifyOrderProcessApi -->
</testsuite> <!-- Test -->
