<?xml version="1.0" encoding="UTF-8"?>
<!-- Generated by org.testng.reporters.JUnitXMLReporter -->
<testsuite hostname="mayanknehra-l" name="Test" tests="5" failures="0" timestamp="24 Oct 2024 03:54:46 GMT" time="0.147" errors="0">
  <testcase name="TC005" time="0.018" classname="annotationPractice.B"/>
  <testcase name="TC001" time="0.025" classname="annotationPractice.A"/>
  <testcase name="TC002" time="0.007" classname="annotationPractice.A"/>
  <testcase name="TC0012" time="0.003" classname="annotationPractice1.D"/>
  <testcase name="TC009" time="0.01" classname="annotationPractice1.C"/>
</testsuite> <!-- Test -->
