<?xml version="1.0" encoding="UTF-8"?>
<testng-results skipped="0" failed="0" ignored="0" total="1" passed="1">
  <reporter-output>
  </reporter-output>
  <suite name="Default suite" duration-ms="47" started-at="2024-09-07T08:37:44Z" finished-at="2024-09-07T08:37:44Z">
    <groups>
    </groups>
    <test name="Default test" duration-ms="47" started-at="2024-09-07T08:37:44Z" finished-at="2024-09-07T08:37:44Z">
      <class name="aw.A">
        <test-method status="PASS" signature="sub()[pri:0, instance:aw.A@4d95d2a2]" name="sub" duration-ms="17" started-at="2024-09-07T08:37:44Z" finished-at="2024-09-07T08:37:44Z">
          <reporter-output>
          </reporter-output>
        </test-method> <!-- sub -->
      </class> <!-- aw.A -->
    </test> <!-- Default test -->
  </suite> <!-- Default suite -->
</testng-results>
